<?xml version="1.0" encoding="UTF-8"?>
<!-- Generated by org.testng.reporters.JUnitXMLReporter -->
<testsuite ignored="0" hostname="sushils-MacBook-Air.local" failures="1" tests="5" name="Test" time="1.088" errors="0" timestamp="05 Nov 2020 07:31:32 GMT">
  <testcase classname="page.object.try4.Test1" name="testCase1" time="0.013"/>
  <testcase classname="page.object.try4.Test1" name="testCase2" time="0.006"/>
  <testcase classname="page.object.try4.Test1" name="testCase3" time="0.011">
    <failure type="java.lang.AssertionError" message="expected [true] but found [false]">
      <![CDATA[java.lang.AssertionError: expected [true] but found [false]
	at page.object.try4.Test1.testCase3(Test1.java:36)
... Removed 29 stack frames]]>
    </failure>
  </testcase> <!-- testCase3 -->
  <testcase classname="page.object.ui.UITest1" name="uiTest1" time="0.002"/>
  <testcase classname="page.object.ui.UITest1" name="uiTest2" time="0.003"/>
</testsuite> <!-- Test -->
